{
  "RSpec": {
    "coverage": {
      "/Users/carl/gems/type_balancer/lib/type_balancer.rb": {
        "lines": [
          null,
          null,
          1,
          1,
          1,
          1,
          1,
          1,
          1,
          null,
          1,
          1,
          null,
          1,
          10,
          null,
          null,
          null,
          null
        ],
        "branches": {}
      },
      "/Users/carl/gems/type_balancer/lib/type_balancer/distribution_calculator.rb": {
        "lines": [
          null,
          null,
          1,
          null,
          null,
          null,
          1,
          1,
          39,
          null,
          null,
          1,
          36,
          36,
          null,
          33,
          null,
          null,
          1,
          null,
          1,
          35,
          35,
          null,
          null,
          1,
          33,
          33,
          33,
          null,
          33,
          62,
          null,
          62,
          62,
          null,
          null,
          33,
          null,
          null,
          null
        ],
        "branches": {
          "[:if, 0, 14, 6, 14, 37]": {
            "[:then, 1, 14, 6, 14, 15]": 3,
            "[:else, 2, 14, 6, 14, 37]": 33
          },
          "[:if, 3, 32, 8, 32, 43]": {
            "[:then, 4, 32, 8, 32, 13]": 0,
            "[:else, 5, 32, 8, 32, 43]": 62
          }
        }
      },
      "/Users/carl/gems/type_balancer/lib/type_balancer/ordered_collection_manager.rb": {
        "lines": [
          null,
          null,
          1,
          null,
          null,
          null,
          1,
          1,
          32,
          32,
          32,
          null,
          null,
          1,
          null,
          30,
          58,
          null,
          null,
          30,
          54,
          null,
          52,
          null,
          null,
          30,
          null,
          null,
          1,
          null,
          1,
          4,
          4,
          4,
          null,
          null,
          1,
          19,
          19,
          19,
          null,
          null,
          1,
          32,
          32,
          null,
          29,
          null,
          null,
          24,
          null,
          null,
          null,
          1,
          null,
          1,
          140,
          null,
          null,
          null
        ],
        "branches": {
          "[:if, 0, 21, 8, 21, 32]": {
            "[:then, 1, 21, 8, 21, 13]": 2,
            "[:else, 2, 21, 8, 21, 32]": 52
          },
          "[:if, 3, 45, 6, 51, 9]": {
            "[:then, 4, 47, 8, 47, 77]": 8,
            "[:else, 5, 50, 8, 50, 13]": 24
          }
        }
      },
      "/Users/carl/gems/type_balancer/lib/type_balancer/gap_fillers/base.rb": {
        "lines": [
          null,
          null,
          1,
          1,
          null,
          null,
          null,
          1,
          1,
          51,
          null,
          null,
          1,
          1,
          null,
          null,
          null,
          null
        ],
        "branches": {}
      },
      "/Users/carl/gems/type_balancer/lib/type_balancer/gap_fillers/alternating.rb": {
        "lines": [
          null,
          null,
          1,
          1,
          null,
          null,
          null,
          1,
          1,
          10,
          10,
          10,
          null,
          null,
          1,
          10,
          null,
          9,
          9,
          9,
          null,
          9,
          48,
          null,
          45,
          25,
          null,
          20,
          null,
          45,
          null,
          null,
          9,
          null,
          null,
          1,
          null,
          1,
          25,
          null,
          19,
          null,
          null,
          1,
          20,
          null,
          14,
          null,
          null,
          1,
          12,
          null,
          null,
          null,
          null
        ],
        "branches": {
          "[:if, 0, 16, 8, 16, 46]": {
            "[:then, 1, 16, 8, 16, 26]": 1,
            "[:else, 2, 16, 8, 16, 46]": 9
          },
          "[:unless, 3, 23, 10, 23, 43]": {
            "[:else, 4, 23, 10, 23, 43]": 45,
            "[:then, 5, 23, 10, 23, 14]": 3
          },
          "[:if, 6, 25, 29, 29, 32]": {
            "[:then, 7, 26, 31, 26, 105]": 25,
            "[:else, 8, 28, 31, 28, 105]": 20
          },
          "[:if, 9, 39, 8, 39, 75]": {
            "[:then, 10, 39, 8, 39, 51]": 6,
            "[:else, 11, 39, 8, 39, 75]": 19
          },
          "[:if, 12, 45, 8, 45, 75]": {
            "[:then, 13, 45, 8, 45, 49]": 6,
            "[:else, 14, 45, 8, 45, 75]": 14
          }
        }
      },
      "/Users/carl/gems/type_balancer/lib/type_balancer/gap_fillers/sequential.rb": {
        "lines": [
          null,
          null,
          1,
          1,
          null,
          null,
          null,
          1,
          1,
          40,
          40,
          null,
          null,
          1,
          40,
          null,
          30,
          30,
          null,
          30,
          139,
          null,
          136,
          136,
          null,
          null,
          30,
          null,
          null,
          1,
          null,
          1,
          136,
          null,
          136,
          166,
          166,
          null,
          113,
          null,
          null,
          null,
          null,
          1,
          136,
          null,
          136,
          192,
          192,
          null,
          47,
          null,
          null,
          null,
          null
        ],
        "branches": {
          "[:if, 0, 15, 8, 15, 70]": {
            "[:then, 1, 15, 8, 15, 26]": 10,
            "[:else, 2, 15, 8, 15, 70]": 30
          },
          "[:unless, 3, 21, 10, 21, 43]": {
            "[:else, 4, 21, 10, 21, 43]": 136,
            "[:then, 5, 21, 10, 21, 14]": 3
          },
          "[:if, 6, 33, 8, 33, 35]": {
            "[:then, 7, 33, 8, 33, 18]": 0,
            "[:else, 8, 33, 8, 33, 35]": 136
          },
          "[:if, 9, 37, 10, 37, 44]": {
            "[:then, 10, 37, 10, 37, 14]": 53,
            "[:else, 11, 37, 10, 37, 44]": 113
          },
          "[:if, 12, 45, 8, 45, 33]": {
            "[:then, 13, 45, 8, 45, 16]": 0,
            "[:else, 14, 45, 8, 45, 33]": 136
          },
          "[:unless, 15, 49, 10, 49, 70]": {
            "[:else, 16, 49, 10, 49, 70]": 103,
            "[:then, 17, 49, 10, 49, 32]": 89
          }
        }
      },
      "/Users/carl/gems/type_balancer/lib/type_balancer/balancer.rb": {
        "lines": [
          null,
          null,
          1,
          null,
          null,
          null,
          1,
          1,
          21,
          21,
          21,
          20,
          null,
          null,
          1,
          20,
          19,
          null,
          16,
          null,
          null,
          1,
          null,
          1,
          70,
          null,
          null,
          1,
          16,
          16,
          null,
          null,
          16,
          null,
          null,
          16,
          null,
          16,
          null,
          null,
          1,
          16,
          16,
          null,
          16,
          null,
          null,
          null,
          16,
          null,
          null,
          16,
          null,
          null,
          1,
          16,
          16,
          null,
          null,
          48,
          null,
          null,
          16,
          null,
          16,
          null,
          0,
          null,
          null,
          16,
          null,
          null,
          null,
          1,
          555,
          null,
          null,
          1,
          517,
          86,
          431,
          430,
          null,
          1,
          null,
          null,
          null,
          1,
          78,
          null,
          null,
          null
        ],
        "branches": {
          "[:if, 0, 16, 6, 16, 37]": {
            "[:then, 1, 16, 6, 16, 15]": 1,
            "[:else, 2, 16, 6, 16, 37]": 19
          },
          "[:if, 3, 17, 6, 17, 40]": {
            "[:then, 4, 17, 6, 17, 24]": 3,
            "[:else, 5, 17, 6, 17, 40]": 16
          },
          "[:if, 6, 57, 6, 57, 38]": {
            "[:then, 7, 57, 6, 57, 12]": 0,
            "[:else, 8, 57, 6, 57, 38]": 16
          },
          "[:if, 9, 65, 6, 71, 9]": {
            "[:then, 10, 67, 8, 67, 75]": 0,
            "[:else, 11, 70, 8, 70, 67]": 16
          },
          "[:if, 12, 81, 6, 84, 80]": {
            "[:then, 13, 82, 8, 82, 58]": 430,
            "[:else, 14, 84, 8, 84, 80]": 1
          },
          "[:if, 15, 79, 6, 85, 9]": {
            "[:then, 16, 80, 8, 80, 30]": 86,
            "[:else, 17, 81, 6, 84, 80]": 431
          }
        }
      }
    },
    "timestamp": 1743299083
  }
}
