{
  "RSpec": {
    "coverage": {
      "/Users/carl/worktrees/aaliyah/type-balancer/gems/type_balancer/type_balancer/lib/type_balancer.rb": {
        "lines": [
          null,
          null,
          1,
          1,
          1,
          1,
          1,
          1,
          1,
          null,
          1,
          1,
          null,
          1,
          10,
          null,
          null,
          null,
          null
        ],
        "branches": {}
      },
      "/Users/carl/worktrees/aaliyah/type-balancer/gems/type_balancer/type_balancer/lib/type_balancer/distribution_calculator.rb": {
        "lines": [
          null,
          null,
          1,
          null,
          null,
          null,
          1,
          1,
          30,
          null,
          null,
          1,
          27,
          27,
          null,
          25,
          null,
          null,
          1,
          null,
          1,
          27,
          27,
          null,
          null,
          1,
          25,
          25,
          25,
          null,
          25,
          46,
          null,
          46,
          46,
          null,
          null,
          25,
          null,
          null,
          null
        ],
        "branches": {
          "[:if, 0, 14, 6, 14, 37]": {
            "[:then, 1, 14, 6, 14, 15]": 2,
            "[:else, 2, 14, 6, 14, 37]": 25
          },
          "[:if, 3, 32, 8, 32, 43]": {
            "[:then, 4, 32, 8, 32, 13]": 0,
            "[:else, 5, 32, 8, 32, 43]": 46
          }
        }
      },
      "/Users/carl/worktrees/aaliyah/type-balancer/gems/type_balancer/type_balancer/lib/type_balancer/ordered_collection_manager.rb": {
        "lines": [
          null,
          null,
          1,
          null,
          null,
          null,
          1,
          1,
          32,
          32,
          32,
          null,
          null,
          1,
          null,
          30,
          58,
          null,
          null,
          30,
          54,
          null,
          52,
          null,
          null,
          30,
          null,
          null,
          1,
          null,
          1,
          4,
          4,
          4,
          null,
          null,
          1,
          19,
          19,
          19,
          null,
          null,
          1,
          32,
          32,
          null,
          29,
          null,
          null,
          24,
          null,
          null,
          null,
          1,
          null,
          1,
          140,
          null,
          null,
          null
        ],
        "branches": {
          "[:if, 0, 21, 8, 21, 32]": {
            "[:then, 1, 21, 8, 21, 13]": 2,
            "[:else, 2, 21, 8, 21, 32]": 52
          },
          "[:if, 3, 45, 6, 51, 9]": {
            "[:then, 4, 47, 8, 47, 77]": 8,
            "[:else, 5, 50, 8, 50, 13]": 24
          }
        }
      },
      "/Users/carl/worktrees/aaliyah/type-balancer/gems/type_balancer/type_balancer/lib/type_balancer/gap_fillers/base.rb": {
        "lines": [
          null,
          null,
          1,
          1,
          null,
          null,
          null,
          1,
          1,
          39,
          null,
          null,
          1,
          1,
          null,
          null,
          null,
          null
        ],
        "branches": {}
      },
      "/Users/carl/worktrees/aaliyah/type-balancer/gems/type_balancer/type_balancer/lib/type_balancer/gap_fillers/alternating.rb": {
        "lines": [
          null,
          null,
          1,
          1,
          null,
          null,
          null,
          1,
          1,
          8,
          8,
          8,
          null,
          null,
          1,
          8,
          null,
          8,
          8,
          8,
          null,
          8,
          42,
          null,
          42,
          23,
          null,
          19,
          null,
          42,
          null,
          null,
          8,
          null,
          null,
          1,
          null,
          1,
          23,
          null,
          17,
          null,
          null,
          1,
          19,
          null,
          13,
          null,
          null,
          1,
          12,
          null,
          null,
          null,
          null
        ],
        "branches": {
          "[:if, 0, 16, 8, 16, 46]": {
            "[:then, 1, 16, 8, 16, 26]": 0,
            "[:else, 2, 16, 8, 16, 46]": 8
          },
          "[:unless, 3, 23, 10, 23, 43]": {
            "[:else, 4, 23, 10, 23, 43]": 42,
            "[:then, 5, 23, 10, 23, 14]": 0
          },
          "[:if, 6, 25, 29, 29, 32]": {
            "[:then, 7, 26, 31, 26, 105]": 23,
            "[:else, 8, 28, 31, 28, 105]": 19
          },
          "[:if, 9, 39, 8, 39, 75]": {
            "[:then, 10, 39, 8, 39, 51]": 6,
            "[:else, 11, 39, 8, 39, 75]": 17
          },
          "[:if, 12, 45, 8, 45, 75]": {
            "[:then, 13, 45, 8, 45, 49]": 6,
            "[:else, 14, 45, 8, 45, 75]": 13
          }
        }
      },
      "/Users/carl/worktrees/aaliyah/type-balancer/gems/type_balancer/type_balancer/lib/type_balancer/gap_fillers/sequential.rb": {
        "lines": [
          null,
          null,
          1,
          1,
          null,
          null,
          null,
          1,
          1,
          30,
          30,
          null,
          null,
          1,
          30,
          null,
          27,
          27,
          null,
          27,
          98,
          null,
          98,
          98,
          null,
          null,
          27,
          null,
          null,
          1,
          null,
          1,
          98,
          null,
          98,
          98,
          98,
          null,
          97,
          null,
          1,
          null,
          null,
          1,
          98,
          null,
          98,
          122,
          122,
          null,
          23,
          null,
          null,
          null,
          null
        ],
        "branches": {
          "[:if, 0, 15, 8, 15, 70]": {
            "[:then, 1, 15, 8, 15, 26]": 3,
            "[:else, 2, 15, 8, 15, 70]": 27
          },
          "[:unless, 3, 21, 10, 21, 43]": {
            "[:else, 4, 21, 10, 21, 43]": 98,
            "[:then, 5, 21, 10, 21, 14]": 0
          },
          "[:if, 6, 33, 8, 33, 35]": {
            "[:then, 7, 33, 8, 33, 18]": 0,
            "[:else, 8, 33, 8, 33, 35]": 98
          },
          "[:if, 9, 37, 10, 37, 44]": {
            "[:then, 10, 37, 10, 37, 14]": 1,
            "[:else, 11, 37, 10, 37, 44]": 97
          },
          "[:if, 12, 45, 8, 45, 33]": {
            "[:then, 13, 45, 8, 45, 16]": 0,
            "[:else, 14, 45, 8, 45, 33]": 98
          },
          "[:unless, 15, 49, 10, 49, 70]": {
            "[:else, 16, 49, 10, 49, 70]": 47,
            "[:then, 17, 49, 10, 49, 32]": 75
          }
        }
      },
      "/Users/carl/worktrees/aaliyah/type-balancer/gems/type_balancer/type_balancer/lib/type_balancer/balancer.rb": {
        "lines": [
          null,
          null,
          1,
          null,
          null,
          null,
          1,
          1,
          19,
          19,
          19,
          18,
          null,
          null,
          1,
          18,
          17,
          null,
          16,
          null,
          null,
          1,
          null,
          1,
          66,
          null,
          null,
          1,
          16,
          16,
          null,
          null,
          16,
          null,
          null,
          16,
          null,
          16,
          null,
          null,
          1,
          16,
          16,
          null,
          16,
          null,
          null,
          null,
          16,
          null,
          null,
          16,
          null,
          null,
          1,
          16,
          16,
          null,
          null,
          48,
          null,
          null,
          16,
          null,
          16,
          null,
          0,
          null,
          null,
          16,
          null,
          null,
          null,
          1,
          548,
          null,
          null,
          1,
          507,
          86,
          421,
          420,
          null,
          1,
          null,
          null,
          null,
          1,
          71,
          null,
          null,
          null
        ],
        "branches": {
          "[:if, 0, 16, 6, 16, 37]": {
            "[:then, 1, 16, 6, 16, 15]": 1,
            "[:else, 2, 16, 6, 16, 37]": 17
          },
          "[:if, 3, 17, 6, 17, 40]": {
            "[:then, 4, 17, 6, 17, 24]": 1,
            "[:else, 5, 17, 6, 17, 40]": 16
          },
          "[:if, 6, 57, 6, 57, 38]": {
            "[:then, 7, 57, 6, 57, 12]": 0,
            "[:else, 8, 57, 6, 57, 38]": 16
          },
          "[:if, 9, 65, 6, 71, 9]": {
            "[:then, 10, 67, 8, 67, 75]": 0,
            "[:else, 11, 70, 8, 70, 67]": 16
          },
          "[:if, 12, 79, 6, 85, 9]": {
            "[:then, 13, 80, 8, 80, 30]": 86,
            "[:else, 14, 81, 6, 85, 9]": 421
          },
          "[:if, 15, 81, 6, 85, 9]": {
            "[:then, 16, 82, 8, 82, 58]": 420,
            "[:else, 17, 84, 8, 84, 80]": 1
          }
        }
      }
    },
    "timestamp": 1743292355
  }
}
